<?xml version="1.0" encoding="UTF-8"?>
<!-- Generated by org.testng.reporters.JUnitXMLReporter -->
<testsuite ignored="0" hostname="DESKTOP-Saheli09" failures="0" tests="3" name="Test" time="72.934" errors="0" timestamp="2020-11-04T21:20:41 IST">
  <testcase classname="com.tests.TestNG" name="getGoogleSignIn" time="24.949"/>
  <testcase classname="com.tests.TestNG" name="getPopularUsedCars" time="10.747"/>
  <testcase classname="com.tests.TestNG" name="getUpcomingBikes" time="28.891"/>
</testsuite> <!-- Test -->
