<?xml version="1.0" encoding="UTF-8"?>
<!-- Generated by org.testng.reporters.JUnitXMLReporter -->
<testsuite ignored="0" hostname="DESKTOP-Saheli09" failures="0" tests="3" name="Command line test" time="9246.219" errors="0" timestamp="2020-11-04T21:22:36 IST">
  <testcase classname="com.tests.TestNG" name="@BeforeClass selectingBrowser" time="9241.935">
    <failure type="java.util.NoSuchElementException">
      <![CDATA[java.util.NoSuchElementException
at java.base/java.util.Scanner.throwFor(Scanner.java:937)
at java.base/java.util.Scanner.next(Scanner.java:1594)
at java.base/java.util.Scanner.nextInt(Scanner.java:2258)
at java.base/java.util.Scanner.nextInt(Scanner.java:2212)
at com.tests.TestNG.selectingBrowser(TestNG.java:38)
at java.base/java.util.ArrayList.forEach(ArrayList.java:1511)
... Removed 34 stack frames]]>
    </failure>
  </testcase> <!-- @BeforeClass selectingBrowser -->
  <testcase classname="com.tests.TestNG" name="@AfterTest closeBrowser" time="-1.604505156227E9">
    <skipped/>
  </testcase> <!-- @AfterTest closeBrowser -->
  <testcase classname="com.tests.TestNG" name="getGoogleSignIn" time="0.0">
    <skipped/>
  </testcase> <!-- getGoogleSignIn -->
  <testcase classname="com.tests.TestNG" name="getPopularUsedCars" time="0.0">
    <skipped/>
  </testcase> <!-- getPopularUsedCars -->
  <testcase classname="com.tests.TestNG" name="getUpcomingBikes" time="0.0">
    <skipped/>
  </testcase> <!-- getUpcomingBikes -->
</testsuite> <!-- Command line test -->
