<?xml version="1.0" encoding="UTF-8"?>
<!-- Generated by org.testng.reporters.JUnitXMLReporter -->
<testsuite ignored="0" hostname="DESKTOP-Saheli09" failures="0" tests="3" name="Surefire test" time="8438.458" errors="0" timestamp="2020-11-04T21:22:31 IST">
  <testcase classname="com.tests.TestNG" name="@BeforeClass selectingBrowser" time="8436.183">
    <failure type="java.util.InputMismatchException">
      <![CDATA[java.util.InputMismatchException
at java.base/java.util.Scanner.throwFor(Scanner.java:939)
at java.base/java.util.Scanner.next(Scanner.java:1594)
at java.base/java.util.Scanner.nextInt(Scanner.java:2258)
at java.base/java.util.Scanner.nextInt(Scanner.java:2212)
at com.tests.TestNG.selectingBrowser(TestNG.java:38)
at java.base/java.util.ArrayList.forEach(ArrayList.java:1511)
... Removed 30 stack frames]]>
    </failure>
  </testcase> <!-- @BeforeClass selectingBrowser -->
  <testcase classname="com.tests.TestNG" name="@AfterTest closeBrowser" time="-1.604505151027E9">
    <skipped/>
  </testcase> <!-- @AfterTest closeBrowser -->
  <testcase classname="com.tests.TestNG" name="getGoogleSignIn" time="0.0">
    <skipped/>
  </testcase> <!-- getGoogleSignIn -->
  <testcase classname="com.tests.TestNG" name="getPopularUsedCars" time="0.001">
    <skipped/>
  </testcase> <!-- getPopularUsedCars -->
  <testcase classname="com.tests.TestNG" name="getUpcomingBikes" time="0.0">
    <skipped/>
  </testcase> <!-- getUpcomingBikes -->
</testsuite> <!-- Surefire test -->
